<?xml version="1.0" encoding="UTF-8"?>
<testsuite xmlns:xsi="http://www.w3.org/2001/XMLSchema-instance" xsi:noNamespaceSchemaLocation="https://maven.apache.org/surefire/maven-surefire-plugin/xsd/surefire-test-report-3.0.xsd" version="3.0" name="UpdateUserTests" time="3.202" tests="3" errors="0" skipped="0" failures="0">
  <properties>
[...]
</properties>
  <testcase name="Users_UpdateUser_Success" classname="UpdateUserTests" time="1.266"/>
  <testcase name="Users_UpdateUser_NonExistentUser_Fails" classname="UpdateUserTests" time="0.67"/>
  <testcase name="Users_UpdateUser_InvalidEmail_Fails" classname="UpdateUserTests" time="1.261"/>
</testsuite>